<?xml version="1.0" encoding="UTF-8"?><testsuite errors="1" failures="0" name="Number Passegers" skipped="0" tests="1" time="37.08" timestamp="2022-09-11 10:38:40"><testcase name="Select quantity of passengers"><error message="No such field com.steedup.qa.models.Passengers.adults" type="cucumber.runtime.CucumberException">No such field com.steedup.qa.models.Passengers.adults</error><system-err>No such field com.steedup.qa.models.Passengers.adults&#13;
cucumber.runner.Runner.runPickle(Runner.java:80)&#13;
</system-err></testcase></testsuite>