<?xml version="1.0" encoding="UTF-8"?><testsuite errors="1" failures="0" name="Number Passegers" skipped="0" tests="1" time="12.44" timestamp="2022-09-08 12:03:39"><testcase name="Select quantity of (0) for &quot;adult&quot;  passengers"><error message="Arity mismatch: Step Definition 'com.steedup.qa.stepdefinitions.StepDefinitions.selectingTheNumberOfPassengersIn() in file:/C:/Users/HP/OneDrive/Escritorio/VoloteaQAFront/VoloteaQA/target/test-classes/' with pattern [^selecting the number of passengers in '(.*)'$] is declared with 0 parameters. However, the gherkin step has 2 arguments [&lt;adults&gt;, Table:[[adults], [0]]]. &#10;Step text: selecting the number of passengers in '&lt;adults&gt;'" type="cucumber.runtime.CucumberException">Arity mismatch: Step Definition 'com.steedup.qa.stepdefinitions.StepDefinitions.selectingTheNumberOfPassengersIn() in file:/C:/Users/HP/OneDrive/Escritorio/VoloteaQAFront/VoloteaQA/target/test-classes/' with pattern [^selecting the number of passengers in '(.*)'$] is declared with 0 parameters. However, the gherkin step has 2 arguments [&lt;adults&gt;, Table:[[adults], [0]]]. 
Step text: selecting the number of passengers in '&lt;adults&gt;'</error><system-err>Arity mismatch: Step Definition 'com.steedup.qa.stepdefinitions.StepDefinitions.selectingTheNumberOfPassengersIn() in file:/C:/Users/HP/OneDrive/Escritorio/VoloteaQAFront/VoloteaQA/target/test-classes/' with pattern [^selecting the number of passengers in '(.*)'$] is declared with 0 parameters. However, the gherkin step has 2 arguments [&lt;adults&gt;, Table:[[adults], [0]]]. 
Step text: selecting the number of passengers in '&lt;adults&gt;'&#13;
cucumber.runner.Runner.runPickle(Runner.java:80)&#13;
</system-err></testcase></testsuite>