<?xml version="1.0" encoding="UTF-8"?><testsuite errors="1" failures="0" name="Number Passengers" skipped="0" tests="1" time="35.63" timestamp="2022-09-11 10:39:53"><testcase name="Select quantity of passengers"><error message="Arity mismatch: Step Definition 'com.steepdup.qa.stepdefinitions.PassegersStepDef.selectingTheNumberOfPassengersInAdults() in file:/C:/Users/HP/OneDrive/Escritorio/VoloteaQAFront/VOLOTEAQAVS2/target/test-classes/' with pattern [^selecting the number of passengers in adults$] is declared with 0 parameters. However, the gherkin step has 1 arguments [Table:[[adults], [2]]]. &#10;Step text: selecting the number of passengers in adults" type="cucumber.runtime.CucumberException">Arity mismatch: Step Definition 'com.steepdup.qa.stepdefinitions.PassegersStepDef.selectingTheNumberOfPassengersInAdults() in file:/C:/Users/HP/OneDrive/Escritorio/VoloteaQAFront/VOLOTEAQAVS2/target/test-classes/' with pattern [^selecting the number of passengers in adults$] is declared with 0 parameters. However, the gherkin step has 1 arguments [Table:[[adults], [2]]]. 
Step text: selecting the number of passengers in adults</error><system-err>Arity mismatch: Step Definition 'com.steepdup.qa.stepdefinitions.PassegersStepDef.selectingTheNumberOfPassengersInAdults() in file:/C:/Users/HP/OneDrive/Escritorio/VoloteaQAFront/VOLOTEAQAVS2/target/test-classes/' with pattern [^selecting the number of passengers in adults$] is declared with 0 parameters. However, the gherkin step has 1 arguments [Table:[[adults], [2]]]. 
Step text: selecting the number of passengers in adults&#13;
cucumber.runner.Runner.runPickle(Runner.java:80)&#13;
</system-err></testcase></testsuite>